<?xml version="1.0" encoding="UTF-8"?>
<testsuites name="Login" time="75.064" tests="5" failures="0" errors="0">
   <testsuite name="Login" tests="5" failures="0" errors="0" time="75.064" timestamp="2020-09-24 22:34:21" hostname="mt2-pc - mt2-PC" id="Test Suites/Login">
      <properties>
         <property name="deviceName" value=""/>
         <property name="devicePlatform" value=""/>
         <property name="logFolder" value="C:\\Users\\tmtru\\Katalon Studio\\Lab01-4301104192-SoftwareEngineeringinAdvances\\Reports\\20200924_223415\\Login\\20200924_223415"/>
         <property name="logFiles" value="C:\\Users\\tmtru\\Katalon Studio\\Lab01-4301104192-SoftwareEngineeringinAdvances\\Reports\\20200924_223415\\Login\\20200924_223415\\execution0.log"/>
         <property name="attachments" value=""/>
         <property name="hostName" value="mt2-pc - mt2-PC"/>
         <property name="os" value="Windows 10 64bit"/>
         <property name="katalonVersion" value="7.7.1.205"/>
         <property name="browser" value="Edge Chromium 85"/>
         <property name="hostAddress" value="192.168.0.108"/>
         <property name="sessionId" value="a82cc53ab678b04bb0288fce34e35f20"/>
         <property name="seleniumVersion" value="3.141.59"/>
         <property name="proxyInformation" value="ProxyInformation { proxyOption=NO_PROXY, proxyServerType=HTTP, username=, password=********, proxyServerAddress=, proxyServerPort=0, executionList=&quot;&quot;, isApplyToDesiredCapabilities=true }"/>
         <property name="platform" value="Windows 10"/>
      </properties>
      <testcase name="Test Cases/TC1-Login_wrong_password" time="16.985" classname="Test Cases/TC1-Login_wrong_password" status="PASSED">
         <system-out><![CDATA[2020-09-24 22:34:22 - [TEST_CASE][PASSED] - Test Cases/TC1-Login_wrong_password: Test Cases/TC1-Login_wrong_password

2020-09-24 22:34:23 - [TEST_STEP][PASSED] - openBrowser(""): Browser is opened with url: ''

2020-09-24 22:34:24 - [MESSAGE][INFO] - Starting 'Edge' driver

2020-09-24 22:34:24 - [MESSAGE][INFO] - Action delay is set to 0 milliseconds

2020-09-24 22:34:29 - [MESSAGE][PASSED] - Browser is opened with url: ''

2020-09-24 22:34:29 - [TEST_STEP][PASSED] - navigateToUrl("https://katalon-demo-cura.herokuapp.com/"): Navigate to 'https://katalon-demo-cura.herokuapp.com/' successfully

2020-09-24 22:34:32 - [MESSAGE][PASSED] - Navigate to 'https://katalon-demo-cura.herokuapp.com/' successfully

2020-09-24 22:34:32 - [TEST_STEP][PASSED] - click(findTestObject("Object Repository/Page_CURA Healthcare Service/a_CURA Healthcare_menu-toggle")): Object: 'Object Repository/Page_CURA Healthcare Service/a_CURA Healthcare_menu-toggle' is clicked on

2020-09-24 22:34:33 - [MESSAGE][PASSED] - Object: 'Object Repository/Page_CURA Healthcare Service/a_CURA Healthcare_menu-toggle' is clicked on

2020-09-24 22:34:33 - [TEST_STEP][PASSED] - click(findTestObject("Object Repository/Page_CURA Healthcare Service/a_Login")): Object: 'Object Repository/Page_CURA Healthcare Service/a_Login' is clicked on

2020-09-24 22:34:34 - [MESSAGE][PASSED] - Object: 'Object Repository/Page_CURA Healthcare Service/a_Login' is clicked on

2020-09-24 22:34:34 - [TEST_STEP][PASSED] - setText(findTestObject("Object Repository/Page_CURA Healthcare Service/input_Username_username"), "John Doe"): Text 'John Doe' is set on object 'Object Repository/Page_CURA Healthcare Service/input_Username_username'

2020-09-24 22:34:35 - [MESSAGE][PASSED] - Text 'John Doe' is set on object 'Object Repository/Page_CURA Healthcare Service/input_Username_username'

2020-09-24 22:34:35 - [TEST_STEP][PASSED] - setEncryptedText(findTestObject("Object Repository/Page_CURA Healthcare Service/input_Password_password"), "8IcCZzs2tQ4w+kLUNOJk+nTqgv/U6lFV"): Text ****** has been set on object 'Object Repository/Page_CURA Healthcare Service/input_Password_password'

2020-09-24 22:34:36 - [MESSAGE][PASSED] - Text ****** has been set on object 'Object Repository/Page_CURA Healthcare Service/input_Password_password'

2020-09-24 22:34:36 - [TEST_STEP][PASSED] - click(findTestObject("Object Repository/Page_CURA Healthcare Service/button_Login")): Object: 'Object Repository/Page_CURA Healthcare Service/button_Login' is clicked on

2020-09-24 22:34:38 - [MESSAGE][PASSED] - Object: 'Object Repository/Page_CURA Healthcare Service/button_Login' is clicked on

2020-09-24 22:34:38 - [TEST_STEP][PASSED] - verifyElementPresent(findTestObject("Object Repository/Page_CURA Healthcare Service/p_Login failed Please ensure the username a_eb55b5"), 0): Object 'Object Repository/Page_CURA Healthcare Service/p_Login failed Please ensure the username a_eb55b5' is present

2020-09-24 22:34:38 - [MESSAGE][WARNING] - Timeout '0' is invalid. Using default page load timeout: '30'

2020-09-24 22:34:38 - [MESSAGE][PASSED] - Object 'Object Repository/Page_CURA Healthcare Service/p_Login failed Please ensure the username a_eb55b5' is present

2020-09-24 22:34:38 - [TEST_STEP][PASSED] - closeBrowser(): Browser is closed

2020-09-24 22:34:39 - [MESSAGE][PASSED] - Browser is closed]]></system-out>
         <system-err><![CDATA[]]></system-err>
      </testcase>
      <testcase name="Test Cases/TC3-Login_lower_case_id" time="13.293" classname="Test Cases/TC3-Login_lower_case_id" status="PASSED">
         <system-out><![CDATA[2020-09-24 22:34:39 - [TEST_CASE][PASSED] - Test Cases/TC3-Login_lower_case_id: Test Cases/TC3-Login_lower_case_id

2020-09-24 22:34:40 - [TEST_STEP][PASSED] - openBrowser(""): Browser is opened with url: ''

2020-09-24 22:34:40 - [MESSAGE][INFO] - Starting 'Edge' driver

2020-09-24 22:34:40 - [MESSAGE][INFO] - Action delay is set to 0 milliseconds

2020-09-24 22:34:44 - [MESSAGE][PASSED] - Browser is opened with url: ''

2020-09-24 22:34:44 - [TEST_STEP][PASSED] - navigateToUrl("https://katalon-demo-cura.herokuapp.com/"): Navigate to 'https://katalon-demo-cura.herokuapp.com/' successfully

2020-09-24 22:34:47 - [MESSAGE][PASSED] - Navigate to 'https://katalon-demo-cura.herokuapp.com/' successfully

2020-09-24 22:34:47 - [TEST_STEP][PASSED] - click(findTestObject("Object Repository/Page_CURA Healthcare Service/a_CURA Healthcare_menu-toggle")): Object: 'Object Repository/Page_CURA Healthcare Service/a_CURA Healthcare_menu-toggle' is clicked on

2020-09-24 22:34:47 - [MESSAGE][PASSED] - Object: 'Object Repository/Page_CURA Healthcare Service/a_CURA Healthcare_menu-toggle' is clicked on

2020-09-24 22:34:47 - [TEST_STEP][PASSED] - click(findTestObject("Object Repository/Page_CURA Healthcare Service/a_Login")): Object: 'Object Repository/Page_CURA Healthcare Service/a_Login' is clicked on

2020-09-24 22:34:48 - [MESSAGE][PASSED] - Object: 'Object Repository/Page_CURA Healthcare Service/a_Login' is clicked on

2020-09-24 22:34:48 - [TEST_STEP][PASSED] - setText(findTestObject("Object Repository/Page_CURA Healthcare Service/input_Username_username"), "john doe"): Text 'john doe' is set on object 'Object Repository/Page_CURA Healthcare Service/input_Username_username'

2020-09-24 22:34:49 - [MESSAGE][PASSED] - Text 'john doe' is set on object 'Object Repository/Page_CURA Healthcare Service/input_Username_username'

2020-09-24 22:34:49 - [TEST_STEP][PASSED] - setEncryptedText(findTestObject("Object Repository/Page_CURA Healthcare Service/input_Password_password"), "g3/DOGG74jC3Flrr3yH+3D/yKbOqqUNM"): Text ****** has been set on object 'Object Repository/Page_CURA Healthcare Service/input_Password_password'

2020-09-24 22:34:50 - [MESSAGE][PASSED] - Text ****** has been set on object 'Object Repository/Page_CURA Healthcare Service/input_Password_password'

2020-09-24 22:34:50 - [TEST_STEP][PASSED] - click(findTestObject("Object Repository/Page_CURA Healthcare Service/button_Login")): Object: 'Object Repository/Page_CURA Healthcare Service/button_Login' is clicked on

2020-09-24 22:34:51 - [MESSAGE][PASSED] - Object: 'Object Repository/Page_CURA Healthcare Service/button_Login' is clicked on

2020-09-24 22:34:51 - [TEST_STEP][PASSED] - verifyElementPresent(findTestObject("Object Repository/Page_CURA Healthcare Service/p_Login failed Please ensure the username a_eb55b5"), 0): Object 'Object Repository/Page_CURA Healthcare Service/p_Login failed Please ensure the username a_eb55b5' is present

2020-09-24 22:34:51 - [MESSAGE][WARNING] - Timeout '0' is invalid. Using default page load timeout: '30'

2020-09-24 22:34:51 - [MESSAGE][PASSED] - Object 'Object Repository/Page_CURA Healthcare Service/p_Login failed Please ensure the username a_eb55b5' is present

2020-09-24 22:34:51 - [TEST_STEP][PASSED] - closeBrowser(): Browser is closed

2020-09-24 22:34:52 - [MESSAGE][PASSED] - Browser is closed]]></system-out>
         <system-err><![CDATA[]]></system-err>
      </testcase>
      <testcase name="Test Cases/TC2-Login_success" time="17.065" classname="Test Cases/TC2-Login_success" status="PASSED">
         <system-out><![CDATA[2020-09-24 22:34:52 - [TEST_CASE][PASSED] - Test Cases/TC2-Login_success: Test Cases/TC2-Login_success

2020-09-24 22:34:53 - [TEST_STEP][PASSED] - openBrowser(""): Browser is opened with url: ''

2020-09-24 22:34:53 - [MESSAGE][INFO] - Starting 'Edge' driver

2020-09-24 22:34:53 - [MESSAGE][INFO] - Action delay is set to 0 milliseconds

2020-09-24 22:34:57 - [MESSAGE][PASSED] - Browser is opened with url: ''

2020-09-24 22:34:57 - [TEST_STEP][PASSED] - navigateToUrl("https://katalon-demo-cura.herokuapp.com/"): Navigate to 'https://katalon-demo-cura.herokuapp.com/' successfully

2020-09-24 22:35:00 - [MESSAGE][PASSED] - Navigate to 'https://katalon-demo-cura.herokuapp.com/' successfully

2020-09-24 22:35:00 - [TEST_STEP][PASSED] - click(findTestObject("Object Repository/Page_CURA Healthcare Service/a_CURA Healthcare_menu-toggle")): Object: 'Object Repository/Page_CURA Healthcare Service/a_CURA Healthcare_menu-toggle' is clicked on

2020-09-24 22:35:01 - [MESSAGE][PASSED] - Object: 'Object Repository/Page_CURA Healthcare Service/a_CURA Healthcare_menu-toggle' is clicked on

2020-09-24 22:35:01 - [TEST_STEP][PASSED] - click(findTestObject("Object Repository/Page_CURA Healthcare Service/a_Login")): Object: 'Object Repository/Page_CURA Healthcare Service/a_Login' is clicked on

2020-09-24 22:35:03 - [MESSAGE][PASSED] - Object: 'Object Repository/Page_CURA Healthcare Service/a_Login' is clicked on

2020-09-24 22:35:03 - [TEST_STEP][PASSED] - setText(findTestObject("Object Repository/Page_CURA Healthcare Service/input_Username_username"), "John Doe"): Text 'John Doe' is set on object 'Object Repository/Page_CURA Healthcare Service/input_Username_username'

2020-09-24 22:35:04 - [MESSAGE][PASSED] - Text 'John Doe' is set on object 'Object Repository/Page_CURA Healthcare Service/input_Username_username'

2020-09-24 22:35:04 - [TEST_STEP][PASSED] - setEncryptedText(findTestObject("Object Repository/Page_CURA Healthcare Service/input_Password_password"), "g3/DOGG74jC3Flrr3yH+3D/yKbOqqUNM"): Text ****** has been set on object 'Object Repository/Page_CURA Healthcare Service/input_Password_password'

2020-09-24 22:35:05 - [MESSAGE][PASSED] - Text ****** has been set on object 'Object Repository/Page_CURA Healthcare Service/input_Password_password'

2020-09-24 22:35:05 - [TEST_STEP][PASSED] - click(findTestObject("Object Repository/Page_CURA Healthcare Service/button_Login")): Object: 'Object Repository/Page_CURA Healthcare Service/button_Login' is clicked on

2020-09-24 22:35:07 - [MESSAGE][PASSED] - Object: 'Object Repository/Page_CURA Healthcare Service/button_Login' is clicked on

2020-09-24 22:35:07 - [TEST_STEP][PASSED] - verifyElementNotPresent(findTestObject("Object Repository/Page_CURA Healthcare Service/p_Login failed Please ensure the username a_eb55b5"), 0): Web element with id: 'Object Repository/Page_CURA Healthcare Service/p_Login failed Please ensure the username a_eb55b5' located by 'By.xpath: //section[@id='login']/div/div/div/p[2]' is not present after '30' second(s)

2020-09-24 22:35:07 - [MESSAGE][WARNING] - Timeout '0' is invalid. Using default page load timeout: '30'

2020-09-24 22:35:08 - [MESSAGE][PASSED] - Web element with id: 'Object Repository/Page_CURA Healthcare Service/p_Login failed Please ensure the username a_eb55b5' located by 'By.xpath: //section[@id='login']/div/div/div/p[2]' is not present after '30' second(s)

2020-09-24 22:35:08 - [TEST_STEP][PASSED] - closeBrowser(): Browser is closed

2020-09-24 22:35:09 - [MESSAGE][PASSED] - Browser is closed]]></system-out>
         <system-err><![CDATA[]]></system-err>
      </testcase>
      <testcase name="Test Cases/TC4-Login_upper_case_id" time="13.859" classname="Test Cases/TC4-Login_upper_case_id" status="PASSED">
         <system-out><![CDATA[2020-09-24 22:35:09 - [TEST_CASE][PASSED] - Test Cases/TC4-Login_upper_case_id: Test Cases/TC4-Login_upper_case_id

2020-09-24 22:35:10 - [TEST_STEP][PASSED] - openBrowser(""): Browser is opened with url: ''

2020-09-24 22:35:10 - [MESSAGE][INFO] - Starting 'Edge' driver

2020-09-24 22:35:11 - [MESSAGE][INFO] - Action delay is set to 0 milliseconds

2020-09-24 22:35:15 - [MESSAGE][PASSED] - Browser is opened with url: ''

2020-09-24 22:35:15 - [TEST_STEP][PASSED] - navigateToUrl("https://katalon-demo-cura.herokuapp.com/"): Navigate to 'https://katalon-demo-cura.herokuapp.com/' successfully

2020-09-24 22:35:18 - [MESSAGE][PASSED] - Navigate to 'https://katalon-demo-cura.herokuapp.com/' successfully

2020-09-24 22:35:18 - [TEST_STEP][PASSED] - click(findTestObject("Object Repository/Page_CURA Healthcare Service/a_CURA Healthcare_menu-toggle")): Object: 'Object Repository/Page_CURA Healthcare Service/a_CURA Healthcare_menu-toggle' is clicked on

2020-09-24 22:35:19 - [MESSAGE][PASSED] - Object: 'Object Repository/Page_CURA Healthcare Service/a_CURA Healthcare_menu-toggle' is clicked on

2020-09-24 22:35:19 - [TEST_STEP][PASSED] - click(findTestObject("Object Repository/Page_CURA Healthcare Service/a_Login")): Object: 'Object Repository/Page_CURA Healthcare Service/a_Login' is clicked on

2020-09-24 22:35:20 - [MESSAGE][PASSED] - Object: 'Object Repository/Page_CURA Healthcare Service/a_Login' is clicked on

2020-09-24 22:35:20 - [TEST_STEP][PASSED] - setText(findTestObject("Object Repository/Page_CURA Healthcare Service/input_Username_username"), "JOHN DOE"): Text 'JOHN DOE' is set on object 'Object Repository/Page_CURA Healthcare Service/input_Username_username'

2020-09-24 22:35:20 - [MESSAGE][PASSED] - Text 'JOHN DOE' is set on object 'Object Repository/Page_CURA Healthcare Service/input_Username_username'

2020-09-24 22:35:20 - [TEST_STEP][PASSED] - setEncryptedText(findTestObject("Object Repository/Page_CURA Healthcare Service/input_Password_password"), "g3/DOGG74jC3Flrr3yH+3D/yKbOqqUNM"): Text ****** has been set on object 'Object Repository/Page_CURA Healthcare Service/input_Password_password'

2020-09-24 22:35:21 - [MESSAGE][PASSED] - Text ****** has been set on object 'Object Repository/Page_CURA Healthcare Service/input_Password_password'

2020-09-24 22:35:21 - [TEST_STEP][PASSED] - click(findTestObject("Object Repository/Page_CURA Healthcare Service/button_Login")): Object: 'Object Repository/Page_CURA Healthcare Service/button_Login' is clicked on

2020-09-24 22:35:22 - [MESSAGE][PASSED] - Object: 'Object Repository/Page_CURA Healthcare Service/button_Login' is clicked on

2020-09-24 22:35:22 - [TEST_STEP][PASSED] - verifyElementPresent(findTestObject("Object Repository/Page_CURA Healthcare Service/p_Login failed Please ensure the username a_eb55b5"), 0): Object 'Object Repository/Page_CURA Healthcare Service/p_Login failed Please ensure the username a_eb55b5' is present

2020-09-24 22:35:22 - [MESSAGE][WARNING] - Timeout '0' is invalid. Using default page load timeout: '30'

2020-09-24 22:35:22 - [MESSAGE][PASSED] - Object 'Object Repository/Page_CURA Healthcare Service/p_Login failed Please ensure the username a_eb55b5' is present

2020-09-24 22:35:22 - [TEST_STEP][PASSED] - closeBrowser(): Browser is closed

2020-09-24 22:35:23 - [MESSAGE][PASSED] - Browser is closed]]></system-out>
         <system-err><![CDATA[]]></system-err>
      </testcase>
      <testcase name="Test Cases/TC5-Login_add_a_space_to_password" time="12.405" classname="Test Cases/TC5-Login_add_a_space_to_password" status="PASSED">
         <system-out><![CDATA[2020-09-24 22:35:23 - [TEST_CASE][PASSED] - Test Cases/TC5-Login_add_a_space_to_password: Test Cases/TC5-Login_add_a_space_to_password

2020-09-24 22:35:24 - [TEST_STEP][PASSED] - openBrowser(""): Browser is opened with url: ''

2020-09-24 22:35:24 - [MESSAGE][INFO] - Starting 'Edge' driver

2020-09-24 22:35:25 - [MESSAGE][INFO] - Action delay is set to 0 milliseconds

2020-09-24 22:35:28 - [MESSAGE][PASSED] - Browser is opened with url: ''

2020-09-24 22:35:28 - [TEST_STEP][PASSED] - navigateToUrl("https://katalon-demo-cura.herokuapp.com/"): Navigate to 'https://katalon-demo-cura.herokuapp.com/' successfully

2020-09-24 22:35:32 - [MESSAGE][PASSED] - Navigate to 'https://katalon-demo-cura.herokuapp.com/' successfully

2020-09-24 22:35:32 - [TEST_STEP][PASSED] - click(findTestObject("Object Repository/Page_CURA Healthcare Service/a_CURA Healthcare_menu-toggle")): Object: 'Object Repository/Page_CURA Healthcare Service/a_CURA Healthcare_menu-toggle' is clicked on

2020-09-24 22:35:32 - [MESSAGE][PASSED] - Object: 'Object Repository/Page_CURA Healthcare Service/a_CURA Healthcare_menu-toggle' is clicked on

2020-09-24 22:35:32 - [TEST_STEP][PASSED] - click(findTestObject("Object Repository/Page_CURA Healthcare Service/a_Login")): Object: 'Object Repository/Page_CURA Healthcare Service/a_Login' is clicked on

2020-09-24 22:35:33 - [MESSAGE][PASSED] - Object: 'Object Repository/Page_CURA Healthcare Service/a_Login' is clicked on

2020-09-24 22:35:33 - [TEST_STEP][PASSED] - setText(findTestObject("Object Repository/Page_CURA Healthcare Service/input_Username_username"), "John Doe"): Text 'John Doe' is set on object 'Object Repository/Page_CURA Healthcare Service/input_Username_username'

2020-09-24 22:35:33 - [MESSAGE][PASSED] - Text 'John Doe' is set on object 'Object Repository/Page_CURA Healthcare Service/input_Username_username'

2020-09-24 22:35:33 - [TEST_STEP][PASSED] - setEncryptedText(findTestObject("Object Repository/Page_CURA Healthcare Service/input_Password_password"), "g3/DOGG74jC3Flrr3yH+3DSWwtCiMtES"): Text ****** has been set on object 'Object Repository/Page_CURA Healthcare Service/input_Password_password'

2020-09-24 22:35:34 - [MESSAGE][PASSED] - Text ****** has been set on object 'Object Repository/Page_CURA Healthcare Service/input_Password_password'

2020-09-24 22:35:34 - [TEST_STEP][PASSED] - click(findTestObject("Object Repository/Page_CURA Healthcare Service/button_Login")): Object: 'Object Repository/Page_CURA Healthcare Service/button_Login' is clicked on

2020-09-24 22:35:35 - [MESSAGE][PASSED] - Object: 'Object Repository/Page_CURA Healthcare Service/button_Login' is clicked on

2020-09-24 22:35:35 - [TEST_STEP][PASSED] - verifyElementPresent(findTestObject("Object Repository/Page_CURA Healthcare Service/p_Login failed Please ensure the username a_eb55b5"), 0): Object 'Object Repository/Page_CURA Healthcare Service/p_Login failed Please ensure the username a_eb55b5' is present

2020-09-24 22:35:35 - [MESSAGE][WARNING] - Timeout '0' is invalid. Using default page load timeout: '30'

2020-09-24 22:35:35 - [MESSAGE][PASSED] - Object 'Object Repository/Page_CURA Healthcare Service/p_Login failed Please ensure the username a_eb55b5' is present

2020-09-24 22:35:35 - [TEST_STEP][PASSED] - closeBrowser(): Browser is closed

2020-09-24 22:35:36 - [MESSAGE][PASSED] - Browser is closed]]></system-out>
         <system-err><![CDATA[]]></system-err>
      </testcase>
      <system-out><![CDATA[2020-09-24 22:34:21 - [TEST_SUITE][PASSED] - Login: Test Cases/TC5-Login_add_a_space_to_password]]></system-out>
      <system-err><![CDATA[]]></system-err>
   </testsuite>
</testsuites>
